<?xml version="1.0" encoding="UTF-8"?>
<!-- Generated by org.testng.reporters.JUnitReportReporter -->
<testsuite hostname="LAPTOP-EMIL4V6O" failures="0" tests="1" name="craftsoftware.HomePage" time="10.888" errors="0" timestamp="2023-06-12T17:38:12 EDT" skipped="0">
  <testcase classname="craftsoftware.HomePage" name="endToEndTest" time="10.888"/>
  <system-out/>
</testsuite> <!-- craftsoftware.HomePage -->
