<?xml version="1.0" encoding="UTF-8"?>
<!-- Generated by org.testng.reporters.JUnitReportReporter -->
<testsuite hostname="LAPTOP-EMIL4V6O" failures="0" tests="1" name="craftsoftware.HomePage" time="18.457" errors="0" timestamp="2023-06-07T21:44:58 EDT" skipped="0">
  <testcase classname="craftsoftware.HomePage" name="endToEndTest" time="18.457"/>
  <system-out/>
</testsuite> <!-- craftsoftware.HomePage -->
