<?xml version="1.0" encoding="UTF-8"?>
<!-- Generated by org.testng.reporters.JUnitReportReporter -->
<testsuite hostname="LAPTOP-EMIL4V6O" failures="0" tests="1" name="TestCases.StoreLoginTest" time="5.646" errors="0" timestamp="2023-05-23T20:45:26 EDT" skipped="0">
  <testcase classname="TestCases.StoreLoginTest" name="login" time="5.646"/>
  <system-out/>
</testsuite> <!-- TestCases.StoreLoginTest -->
